<?xml version="1.0" encoding="UTF-8"?><testsuite errors="0" failures="0" name="test.features.search.SearchByKeywordStory" skipped="1" tests="3" time="21.09" timestamp="2016-04-94 12:46:12"><testcase classname="test.features.search.SearchByKeywordStory" name="Searching by keyword banana should display the corresponding article"/><testcase classname="test.features.search.SearchByKeywordStory" name="Searching by ambiguious keyword should display the disambiguation page"><skipped/></testcase><testcase classname="test.features.search.SearchByKeywordStory" name="Searching by keyword apple should display the corresponding article"/></testsuite>